<?xml version="1.0" encoding="UTF-8"?>
<testsuite name="Exercicio_aula_3.demo.DemoApplicationTests" tests="1" skipped="0" failures="0" errors="0" timestamp="2024-03-26T21:24:10" hostname="DESKTOP-8FKAF23" time="0.826">
  <properties/>
  <testcase name="contextLoads()" classname="Exercicio_aula_3.demo.DemoApplicationTests" time="0.826"/>
  <system-out><![CDATA[18:24:08.214 [Test worker] INFO org.springframework.test.context.support.AnnotationConfigContextLoaderUtils -- Could not detect default configuration classes for test class [Exercicio_aula_3.demo.DemoApplicationTests]: DemoApplicationTests does not declare any static, non-private, non-final, nested classes annotated with @Configuration.
18:24:08.319 [Test worker] INFO org.springframework.boot.test.context.SpringBootTestContextBootstrapper -- Found @SpringBootConfiguration exercicio_aula_3.demo.DemoApplication for test class Exercicio_aula_3.demo.DemoApplicationTests

  .   ____          _            __ _ _
 /\\ / ___'_ __ _ _(_)_ __  __ _ \ \ \ \
( ( )\___ | '_ | '_| | '_ \/ _` | \ \ \ \
 \\/  ___)| |_)| | | | | || (_| |  ) ) ) )
  '  |____| .__|_| |_|_| |_\__, | / / / /
 =========|_|==============|___/=/_/_/_/
 :: Spring Boot ::                (v3.2.4)

2024-03-26T18:24:08.740-03:00  INFO 4108 --- [demo] [    Test worker] E.demo.DemoApplicationTests              : Starting DemoApplicationTests using Java 17.0.10 with PID 4108 (started by guilh in C:\Users\guilh\OneDrive\Área de Trabalho\Programas\Arquitetura Web\demo)
2024-03-26T18:24:08.741-03:00  INFO 4108 --- [demo] [    Test worker] E.demo.DemoApplicationTests              : No active profile set, falling back to 1 default profile: "default"
2024-03-26T18:24:09.962-03:00  WARN 4108 --- [demo] [    Test worker] .s.s.UserDetailsServiceAutoConfiguration : 

Using generated security password: 9d6eebec-7929-4910-abdc-4b840a98218a

This generated password is for development use only. Your security configuration must be updated before running your application in production.

2024-03-26T18:24:10.091-03:00  INFO 4108 --- [demo] [    Test worker] o.s.s.web.DefaultSecurityFilterChain     : Will secure any request with [org.springframework.security.web.session.DisableEncodeUrlFilter@7a1a3468, org.springframework.security.web.context.request.async.WebAsyncManagerIntegrationFilter@59d0cdb6, org.springframework.security.web.context.SecurityContextHolderFilter@51a16adf, org.springframework.security.web.header.HeaderWriterFilter@4b033eac, org.springframework.web.filter.CorsFilter@2dfeb141, org.springframework.security.web.csrf.CsrfFilter@41f3aaf1, org.springframework.security.web.authentication.logout.LogoutFilter@383cb5ce, org.springframework.security.web.authentication.UsernamePasswordAuthenticationFilter@25a1a012, org.springframework.security.web.authentication.ui.DefaultLoginPageGeneratingFilter@236ae13d, org.springframework.security.web.authentication.ui.DefaultLogoutPageGeneratingFilter@629e8212, org.springframework.security.web.authentication.www.BasicAuthenticationFilter@b950f82, org.springframework.security.web.savedrequest.RequestCacheAwareFilter@4315c28c, org.springframework.security.web.servletapi.SecurityContextHolderAwareRequestFilter@8fd91d1, org.springframework.security.web.authentication.AnonymousAuthenticationFilter@498c535d, org.springframework.security.web.access.ExceptionTranslationFilter@34330f77, org.springframework.security.web.access.intercept.AuthorizationFilter@7f3fc42f]
2024-03-26T18:24:10.149-03:00  INFO 4108 --- [demo] [    Test worker] E.demo.DemoApplicationTests              : Started DemoApplicationTests in 1.647 seconds (process running for 2.763)
]]></system-out>
  <system-err><![CDATA[]]></system-err>
</testsuite>
